#
# There is insufficient memory for the Java Runtime Environment to continue.
# Native memory allocation (mmap) failed to map 27262976 bytes for Failed to commit area from 0x0000000089200000 to 0x000000008ac00000 of length 27262976.
# Possible reasons:
#   The system is out of physical RAM or swap space
#   The process is running with CompressedOops enabled, and the Java Heap may be blocking the growth of the native heap
# Possible solutions:
#   Reduce memory load on the system
#   Increase physical memory or swap space
#   Check if swap backing store is full
#   Decrease Java heap size (-Xmx/-Xms)
#   Decrease number of Java threads
#   Decrease Java thread stack sizes (-Xss)
#   Set larger code cache with -XX:ReservedCodeCacheSize=
#   JVM is running with Unscaled Compressed Oops mode in which the Java heap is
#     placed in the first 4GB address space. The Java Heap base address is the
#     maximum limit for the native heap growth. Please use -XX:HeapBaseMinAddress
#     to set the Java Heap base and to place the Java Heap above 4GB virtual address.
# This output file may be truncated or incomplete.
#
#  Out of Memory Error (t:/workspace/open/src/hotspot/os/windows/os_windows.cpp:3269), pid=10596, tid=5840
#
# JRE version: Java(TM) SE Runtime Environment (11.0.2+9) (build 11.0.2+9-LTS)
# Java VM: Java HotSpot(TM) 64-Bit Server VM (11.0.2+9-LTS, mixed mode, tiered, compressed oops, g1 gc, windows-amd64)
# No core dump will be written. Minidumps are not enabled by default on client versions of Windows
#

---------------  S U M M A R Y ------------

Command Line: -Dninja.mode=dev ninja.standalone.AutoStandalone

Host: Intel(R) Core(TM) i5-6300U CPU @ 2.40GHz, 4 cores, 7G,  Windows 10 , 64 bit Build 17134 (10.0.17134.1)
Time: Thu Feb 21 17:36:41 2019 Pacific Standard Time elapsed time: 3 seconds (0d 0h 0m 3s)

---------------  T H R E A D  ---------------

Current thread (0x000002397f58b800):  VMThread "VM Thread" [stack: 0x000000d40d000000,0x000000d40d100000] [id=5840]

Stack: [0x000000d40d000000,0x000000d40d100000]
[error occurred during error reporting (printing stack bounds), id 0xc0000005, EXCEPTION_ACCESS_VIOLATION (0xc0000005) at pc=0x0000023908250bad]

Native frames: (J=compiled Java code, j=interpreted, Vv=VM code, C=native code)
V  [jvm.dll+0x63574a]
V  [jvm.dll+0x77326f]
V  [jvm.dll+0x77491a]
V  [jvm.dll+0x774f35]
V  [jvm.dll+0x774eeb]
V  [jvm.dll+0x634e56]
V  [jvm.dll+0x635218]
C  [ntdll.dll+0x9f7dd]
C  [ntdll.dll+0xd856]
C  [ntdll.dll+0x9e70e]
C  0x0000023908250bad

VM_Operation (0x000000d40cafb490): G1CollectForAllocation, mode: safepoint, requested by thread 0x000002397a45e800


---------------  P R O C E S S  ---------------

Threads class SMR info:
_java_thread_list=0x00000239199c0830, length=19, elements={
0x000002397a45e800, 0x000002397f5ae000, 0x000002397f5b7000, 0x000002397f5c8000,
0x000002397f5c9800, 0x000002397f5cd000, 0x000002397f5d0000, 0x0000023919253000,
0x0000023919401800, 0x0000023919405000, 0x000002391a074800, 0x000002391a39a000,
0x000002391a39b000, 0x000002391a3aa000, 0x000002391a3aa800, 0x000002391a3ab800,
0x000002391a3ac800, 0x000002391a3ad000, 0x000002391a3a7800
}

Java Threads: ( => current thread )
  0x000002397a45e800 JavaThread "NinjaJetty" [_thread_blocked, id=3984, stack(0x000000d40ca00000,0x000000d40cb00000)]
  0x000002397f5ae000 JavaThread "Reference Handler" daemon [_thread_blocked, id=9624, stack(0x000000d40d100000,0x000000d40d200000)]
  0x000002397f5b7000 JavaThread "Finalizer" daemon [_thread_blocked, id=10352, stack(0x000000d40d200000,0x000000d40d300000)]
  0x000002397f5c8000 JavaThread "Signal Dispatcher" daemon [_thread_blocked, id=1732, stack(0x000000d40d300000,0x000000d40d400000)]
  0x000002397f5c9800 JavaThread "Attach Listener" daemon [_thread_blocked, id=1908, stack(0x000000d40d400000,0x000000d40d500000)]
  0x000002397f5cd000 JavaThread "C2 CompilerThread0" daemon [_thread_blocked, id=6608, stack(0x000000d40d500000,0x000000d40d600000)]
  0x000002397f5d0000 JavaThread "C1 CompilerThread0" daemon [_thread_blocked, id=1204, stack(0x000000d40d600000,0x000000d40d700000)]
  0x0000023919253000 JavaThread "Sweeper thread" daemon [_thread_blocked, id=4212, stack(0x000000d40d700000,0x000000d40d800000)]
  0x0000023919401800 JavaThread "Service Thread" daemon [_thread_blocked, id=1848, stack(0x000000d40d800000,0x000000d40d900000)]
  0x0000023919405000 JavaThread "Common-Cleaner" daemon [_thread_blocked, id=11868, stack(0x000000d40da00000,0x000000d40db00000)]
  0x000002391a074800 JavaThread "qtp2101153819-13" [_thread_blocked, id=3876, stack(0x000000d40db00000,0x000000d40dc00000)]
  0x000002391a39a000 JavaThread "qtp2101153819-14" [_thread_blocked, id=6736, stack(0x000000d40df00000,0x000000d40e000000)]
  0x000002391a39b000 JavaThread "qtp2101153819-15" [_thread_blocked, id=4468, stack(0x000000d40e000000,0x000000d40e100000)]
  0x000002391a3aa000 JavaThread "qtp2101153819-16" [_thread_blocked, id=2772, stack(0x000000d40e100000,0x000000d40e200000)]
  0x000002391a3aa800 JavaThread "qtp2101153819-17" [_thread_blocked, id=12060, stack(0x000000d40e200000,0x000000d40e300000)]
  0x000002391a3ab800 JavaThread "qtp2101153819-18" [_thread_blocked, id=10024, stack(0x000000d40e300000,0x000000d40e400000)]
  0x000002391a3ac800 JavaThread "qtp2101153819-19" [_thread_blocked, id=4688, stack(0x000000d40e400000,0x000000d40e500000)]
  0x000002391a3ad000 JavaThread "qtp2101153819-20" [_thread_blocked, id=9580, stack(0x000000d40e500000,0x000000d40e600000)]
  0x000002391a3a7800 JavaThread "C2 CompilerThread1" daemon [_thread_blocked, id=8216, stack(0x000000d40e700000,0x000000d40e800000)]

Other Threads:
=>0x000002397f58b800 VMThread "VM Thread" [stack: 0x000000d40d000000,0x000000d40d100000] [id=5840]
  0x0000023919408800 WatcherThread [stack: 0x000000d40d900000,0x000000d40da00000] [id=9272]
  0x000002397a473000 GCTaskThread "GC Thread#0" [stack: 0x000000d40cb00000,0x000000d40cc00000] [id=8440]
  0x0000023919f99000 GCTaskThread "GC Thread#1" [stack: 0x000000d40dc00000,0x000000d40dd00000] [id=4768]
  0x0000023919f99800 GCTaskThread "GC Thread#2" [stack: 0x000000d40dd00000,0x000000d40de00000] [id=2520]
  0x000002391a3a9000 GCTaskThread "GC Thread#3" [stack: 0x000000d40e600000,0x000000d40e700000] [id=9084]
  0x000002397a4a4000 ConcurrentGCThread "G1 Main Marker" [stack: 0x000000d40cc00000,0x000000d40cd00000] [id=9092]
  0x000002397a4a6000 ConcurrentGCThread "G1 Conc#0" [stack: 0x000000d40cd00000,0x000000d40ce00000] [id=12912]
  0x000002397a52e000 ConcurrentGCThread "G1 Refine#0" [stack: 0x000000d40ce00000,0x000000d40cf00000] [id=12244]
  0x000002391a041800 ConcurrentGCThread "G1 Refine#1" [stack: 0x000000d40de00000,0x000000d40df00000] [id=8660]
  0x000002397f3f0800 ConcurrentGCThread "G1 Young RemSet Sampling" [stack: 0x000000d40cf00000,0x000000d40d000000] [id=9988]

Threads with active compile tasks:
C1 CompilerThread02208       3       sun.nio.fs.WindowsFileAttributes::lastModifiedTime (8 bytes)
C2 CompilerThread12197   !   4       java.net.URL::<init> (543 bytes)

VM state:at safepoint (normal execution)

VM Mutex/Monitor currently owned by a thread:  ([mutex/lock_event])
[0x000002397a45c9e0] Threads_lock - owner thread: 0x000002397f58b800
[0x000002397a45de20] Heap_lock - owner thread: 0x000002397a45e800

Heap address: 0x0000000081200000, size: 2030 MB, Compressed Oops mode: 32-bit
Narrow klass base: 0x0000000000000000, Narrow klass shift: 3
Compressed class space size: 1073741824 Address: 0x0000000100000000

Heap:
 garbage-first heap   total 157696K, used 8749K [0x0000000081200000, 0x0000000100000000)
  region size 1024K, 4 young (4096K), 4 survivors (4096K)
 Metaspace       used 26910K, capacity 27237K, committed 27520K, reserved 1073152K
  class space    used 2992K, capacity 3115K, committed 3200K, reserved 1048576K
Heap Regions: E=young(eden), S=young(survivor), O=old, HS=humongous(starts), HC=humongous(continues), CS=collection set, F=free, A=archive, TAMS=top-at-mark-start (previous, next)
|   0|0x0000000081200000, 0x0000000081300000, 0x0000000081300000|100%| O|  |TAMS 0x0000000081300000, 0x0000000081200000| Untracked 
|   1|0x0000000081300000, 0x0000000081400000, 0x0000000081400000|100%| O|  |TAMS 0x0000000081400000, 0x0000000081300000| Untracked 
|   2|0x0000000081400000, 0x0000000081500000, 0x0000000081500000|100%| O|  |TAMS 0x0000000081500000, 0x0000000081400000| Untracked 
|   3|0x0000000081500000, 0x0000000081600000, 0x0000000081600000|100%| O|  |TAMS 0x0000000081600000, 0x0000000081500000| Untracked 
|   4|0x0000000081600000, 0x00000000816e8600, 0x0000000081700000| 90%| O|  |TAMS 0x00000000816e8600, 0x0000000081600000| Untracked 
|   5|0x0000000081700000, 0x0000000081700000, 0x0000000081800000|  0%| F|  |TAMS 0x0000000081700000, 0x0000000081700000| Untracked 
|   6|0x0000000081800000, 0x0000000081800000, 0x0000000081900000|  0%| F|  |TAMS 0x0000000081800000, 0x0000000081800000| Untracked 
|   7|0x0000000081900000, 0x0000000081900000, 0x0000000081a00000|  0%| F|  |TAMS 0x0000000081900000, 0x0000000081900000| Untracked 
|   8|0x0000000081a00000, 0x0000000081a00000, 0x0000000081b00000|  0%| F|  |TAMS 0x0000000081a00000, 0x0000000081a00000| Untracked 
|   9|0x0000000081b00000, 0x0000000081b00000, 0x0000000081c00000|  0%| F|  |TAMS 0x0000000081b00000, 0x0000000081b00000| Untracked 
|  10|0x0000000081c00000, 0x0000000081c00000, 0x0000000081d00000|  0%| F|  |TAMS 0x0000000081c00000, 0x0000000081c00000| Untracked 
|  11|0x0000000081d00000, 0x0000000081d00000, 0x0000000081e00000|  0%| F|  |TAMS 0x0000000081d00000, 0x0000000081d00000| Untracked 
|  12|0x0000000081e00000, 0x0000000081e00000, 0x0000000081f00000|  0%| F|  |TAMS 0x0000000081e00000, 0x0000000081e00000| Untracked 
|  13|0x0000000081f00000, 0x0000000081f00000, 0x0000000082000000|  0%| F|  |TAMS 0x0000000081f00000, 0x0000000081f00000| Untracked 
|  14|0x0000000082000000, 0x0000000082000000, 0x0000000082100000|  0%| F|  |TAMS 0x0000000082000000, 0x0000000082000000| Untracked 
|  15|0x0000000082100000, 0x0000000082100000, 0x0000000082200000|  0%| F|  |TAMS 0x0000000082100000, 0x0000000082100000| Untracked 
|  16|0x0000000082200000, 0x0000000082200000, 0x0000000082300000|  0%| F|  |TAMS 0x0000000082200000, 0x0000000082200000| Untracked 
|  17|0x0000000082300000, 0x0000000082300000, 0x0000000082400000|  0%| F|  |TAMS 0x0000000082300000, 0x0000000082300000| Untracked 
|  18|0x0000000082400000, 0x0000000082400000, 0x0000000082500000|  0%| F|  |TAMS 0x0000000082400000, 0x0000000082400000| Untracked 
|  19|0x0000000082500000, 0x0000000082500000, 0x0000000082600000|  0%| F|  |TAMS 0x0000000082500000, 0x0000000082500000| Untracked 
|  20|0x0000000082600000, 0x0000000082600000, 0x0000000082700000|  0%| F|  |TAMS 0x0000000082600000, 0x0000000082600000| Untracked 
|  21|0x0000000082700000, 0x0000000082700000, 0x0000000082800000|  0%| F|  |TAMS 0x0000000082700000, 0x0000000082700000| Untracked 
|  22|0x0000000082800000, 0x0000000082800000, 0x0000000082900000|  0%| F|  |TAMS 0x0000000082800000, 0x0000000082800000| Untracked 
|  23|0x0000000082900000, 0x0000000082900000, 0x0000000082a00000|  0%| F|  |TAMS 0x0000000082900000, 0x0000000082900000| Untracked 
|  24|0x0000000082a00000, 0x0000000082a00000, 0x0000000082b00000|  0%| F|  |TAMS 0x0000000082a00000, 0x0000000082a00000| Untracked 
|  25|0x0000000082b00000, 0x0000000082b00000, 0x0000000082c00000|  0%| F|  |TAMS 0x0000000082b00000, 0x0000000082b00000| Untracked 
|  26|0x0000000082c00000, 0x0000000082c00000, 0x0000000082d00000|  0%| F|  |TAMS 0x0000000082c00000, 0x0000000082c00000| Untracked 
|  27|0x0000000082d00000, 0x0000000082d00000, 0x0000000082e00000|  0%| F|  |TAMS 0x0000000082d00000, 0x0000000082d00000| Untracked 
|  28|0x0000000082e00000, 0x0000000082e00000, 0x0000000082f00000|  0%| F|  |TAMS 0x0000000082e00000, 0x0000000082e00000| Untracked 
|  29|0x0000000082f00000, 0x0000000082f00000, 0x0000000083000000|  0%| F|  |TAMS 0x0000000082f00000, 0x0000000082f00000| Untracked 
|  30|0x0000000083000000, 0x0000000083000000, 0x0000000083100000|  0%| F|  |TAMS 0x0000000083000000, 0x0000000083000000| Untracked 
|  31|0x0000000083100000, 0x0000000083100000, 0x0000000083200000|  0%| F|  |TAMS 0x0000000083100000, 0x0000000083100000| Untracked 
|  32|0x0000000083200000, 0x0000000083200000, 0x0000000083300000|  0%| F|  |TAMS 0x0000000083200000, 0x0000000083200000| Untracked 
|  33|0x0000000083300000, 0x0000000083300000, 0x0000000083400000|  0%| F|  |TAMS 0x0000000083300000, 0x0000000083300000| Untracked 
|  34|0x0000000083400000, 0x0000000083400000, 0x0000000083500000|  0%| F|  |TAMS 0x0000000083400000, 0x0000000083400000| Untracked 
|  35|0x0000000083500000, 0x0000000083500000, 0x0000000083600000|  0%| F|  |TAMS 0x0000000083500000, 0x0000000083500000| Untracked 
|  36|0x0000000083600000, 0x0000000083600000, 0x0000000083700000|  0%| F|  |TAMS 0x0000000083600000, 0x0000000083600000| Untracked 
|  37|0x0000000083700000, 0x0000000083700000, 0x0000000083800000|  0%| F|  |TAMS 0x0000000083700000, 0x0000000083700000| Untracked 
|  38|0x0000000083800000, 0x0000000083800000, 0x0000000083900000|  0%| F|  |TAMS 0x0000000083800000, 0x0000000083800000| Untracked 
|  39|0x0000000083900000, 0x0000000083900000, 0x0000000083a00000|  0%| F|  |TAMS 0x0000000083900000, 0x0000000083900000| Untracked 
|  40|0x0000000083a00000, 0x0000000083a00000, 0x0000000083b00000|  0%| F|  |TAMS 0x0000000083a00000, 0x0000000083a00000| Untracked 
|  41|0x0000000083b00000, 0x0000000083b00000, 0x0000000083c00000|  0%| F|  |TAMS 0x0000000083b00000, 0x0000000083b00000| Untracked 
|  42|0x0000000083c00000, 0x0000000083c00000, 0x0000000083d00000|  0%| F|  |TAMS 0x0000000083c00000, 0x0000000083c00000| Untracked 
|  43|0x0000000083d00000, 0x0000000083d00000, 0x0000000083e00000|  0%| F|  |TAMS 0x0000000083d00000, 0x0000000083d00000| Untracked 
|  44|0x0000000083e00000, 0x0000000083e00000, 0x0000000083f00000|  0%| F|  |TAMS 0x0000000083e00000, 0x0000000083e00000| Untracked 
|  45|0x0000000083f00000, 0x0000000083f00000, 0x0000000084000000|  0%| F|  |TAMS 0x0000000083f00000, 0x0000000083f00000| Untracked 
|  46|0x0000000084000000, 0x0000000084000000, 0x0000000084100000|  0%| F|  |TAMS 0x0000000084000000, 0x0000000084000000| Untracked 
|  47|0x0000000084100000, 0x0000000084100000, 0x0000000084200000|  0%| F|  |TAMS 0x0000000084100000, 0x0000000084100000| Untracked 
|  48|0x0000000084200000, 0x0000000084200000, 0x0000000084300000|  0%| F|  |TAMS 0x0000000084200000, 0x0000000084200000| Untracked 
|  49|0x0000000084300000, 0x0000000084300000, 0x0000000084400000|  0%| F|  |TAMS 0x0000000084300000, 0x0000000084300000| Untracked 
|  50|0x0000000084400000, 0x0000000084400000, 0x0000000084500000|  0%| F|  |TAMS 0x0000000084400000, 0x0000000084400000| Untracked 
|  51|0x0000000084500000, 0x0000000084500000, 0x0000000084600000|  0%| F|  |TAMS 0x0000000084500000, 0x0000000084500000| Untracked 
|  52|0x0000000084600000, 0x0000000084600000, 0x0000000084700000|  0%| F|  |TAMS 0x0000000084600000, 0x0000000084600000| Untracked 
|  53|0x0000000084700000, 0x0000000084700000, 0x0000000084800000|  0%| F|  |TAMS 0x0000000084700000, 0x0000000084700000| Untracked 
|  54|0x0000000084800000, 0x0000000084800000, 0x0000000084900000|  0%| F|  |TAMS 0x0000000084800000, 0x0000000084800000| Untracked 
|  55|0x0000000084900000, 0x0000000084900000, 0x0000000084a00000|  0%| F|  |TAMS 0x0000000084900000, 0x0000000084900000| Untracked 
|  56|0x0000000084a00000, 0x0000000084a00000, 0x0000000084b00000|  0%| F|  |TAMS 0x0000000084a00000, 0x0000000084a00000| Untracked 
|  57|0x0000000084b00000, 0x0000000084b00000, 0x0000000084c00000|  0%| F|  |TAMS 0x0000000084b00000, 0x0000000084b00000| Untracked 
|  58|0x0000000084c00000, 0x0000000084c00000, 0x0000000084d00000|  0%| F|  |TAMS 0x0000000084c00000, 0x0000000084c00000| Untracked 
|  59|0x0000000084d00000, 0x0000000084d00000, 0x0000000084e00000|  0%| F|  |TAMS 0x0000000084d00000, 0x0000000084d00000| Untracked 
|  60|0x0000000084e00000, 0x0000000084e00000, 0x0000000084f00000|  0%| F|  |TAMS 0x0000000084e00000, 0x0000000084e00000| Untracked 
|  61|0x0000000084f00000, 0x0000000084f00000, 0x0000000085000000|  0%| F|  |TAMS 0x0000000084f00000, 0x0000000084f00000| Untracked 
|  62|0x0000000085000000, 0x0000000085000000, 0x0000000085100000|  0%| F|  |TAMS 0x0000000085000000, 0x0000000085000000| Untracked 
|  63|0x0000000085100000, 0x0000000085100000, 0x0000000085200000|  0%| F|  |TAMS 0x0000000085100000, 0x0000000085100000| Untracked 
|  64|0x0000000085200000, 0x0000000085200000, 0x0000000085300000|  0%| F|  |TAMS 0x0000000085200000, 0x0000000085200000| Untracked 
|  65|0x0000000085300000, 0x0000000085300000, 0x0000000085400000|  0%| F|  |TAMS 0x0000000085300000, 0x0000000085300000| Untracked 
|  66|0x0000000085400000, 0x0000000085400000, 0x0000000085500000|  0%| F|  |TAMS 0x0000000085400000, 0x0000000085400000| Untracked 
|  67|0x0000000085500000, 0x0000000085500000, 0x0000000085600000|  0%| F|  |TAMS 0x0000000085500000, 0x0000000085500000| Untracked 
|  68|0x0000000085600000, 0x0000000085600000, 0x0000000085700000|  0%| F|  |TAMS 0x0000000085600000, 0x0000000085600000| Untracked 
|  69|0x0000000085700000, 0x0000000085700000, 0x0000000085800000|  0%| F|  |TAMS 0x0000000085700000, 0x0000000085700000| Untracked 
|  70|0x0000000085800000, 0x0000000085800000, 0x0000000085900000|  0%| F|  |TAMS 0x0000000085800000, 0x0000000085800000| Untracked 
|  71|0x0000000085900000, 0x0000000085900000, 0x0000000085a00000|  0%| F|  |TAMS 0x0000000085900000, 0x0000000085900000| Untracked 
|  72|0x0000000085a00000, 0x0000000085a00000, 0x0000000085b00000|  0%| F|  |TAMS 0x0000000085a00000, 0x0000000085a00000| Untracked 
|  73|0x0000000085b00000, 0x0000000085b00000, 0x0000000085c00000|  0%| F|  |TAMS 0x0000000085b00000, 0x0000000085b00000| Untracked 
|  74|0x0000000085c00000, 0x0000000085c00000, 0x0000000085d00000|  0%| F|  |TAMS 0x0000000085c00000, 0x0000000085c00000| Untracked 
|  75|0x0000000085d00000, 0x0000000085d00000, 0x0000000085e00000|  0%| F|  |TAMS 0x0000000085d00000, 0x0000000085d00000| Untracked 
|  76|0x0000000085e00000, 0x0000000085e00000, 0x0000000085f00000|  0%| F|  |TAMS 0x0000000085e00000, 0x0000000085e00000| Untracked 
|  77|0x0000000085f00000, 0x0000000085f00000, 0x0000000086000000|  0%| F|  |TAMS 0x0000000085f00000, 0x0000000085f00000| Untracked 
|  78|0x0000000086000000, 0x0000000086000000, 0x0000000086100000|  0%| F|  |TAMS 0x0000000086000000, 0x0000000086000000| Untracked 
|  79|0x0000000086100000, 0x0000000086100000, 0x0000000086200000|  0%| F|  |TAMS 0x0000000086100000, 0x0000000086100000| Untracked 
|  80|0x0000000086200000, 0x0000000086200000, 0x0000000086300000|  0%| F|  |TAMS 0x0000000086200000, 0x0000000086200000| Untracked 
|  81|0x0000000086300000, 0x0000000086300000, 0x0000000086400000|  0%| F|  |TAMS 0x0000000086300000, 0x0000000086300000| Untracked 
|  82|0x0000000086400000, 0x0000000086400000, 0x0000000086500000|  0%| F|  |TAMS 0x0000000086400000, 0x0000000086400000| Untracked 
|  83|0x0000000086500000, 0x00000000865a2ff0, 0x0000000086600000| 63%| S|CS|TAMS 0x0000000086500000, 0x0000000086500000| Complete 
|  84|0x0000000086600000, 0x0000000086700000, 0x0000000086700000|100%| S|CS|TAMS 0x0000000086600000, 0x0000000086600000| Complete 
|  85|0x0000000086700000, 0x0000000086800000, 0x0000000086800000|100%| S|CS|TAMS 0x0000000086700000, 0x0000000086700000| Complete 
|  86|0x0000000086800000, 0x0000000086900000, 0x0000000086900000|100%| S|CS|TAMS 0x0000000086800000, 0x0000000086800000| Complete 
|  87|0x0000000086900000, 0x0000000086900000, 0x0000000086a00000|  0%| F|  |TAMS 0x0000000086900000, 0x0000000086900000| Untracked 
|  88|0x0000000086a00000, 0x0000000086a00000, 0x0000000086b00000|  0%| F|  |TAMS 0x0000000086a00000, 0x0000000086a00000| Untracked 
|  89|0x0000000086b00000, 0x0000000086b00000, 0x0000000086c00000|  0%| F|  |TAMS 0x0000000086b00000, 0x0000000086b00000| Untracked 
|  90|0x0000000086c00000, 0x0000000086c00000, 0x0000000086d00000|  0%| F|  |TAMS 0x0000000086c00000, 0x0000000086c00000| Untracked 
|  91|0x0000000086d00000, 0x0000000086d00000, 0x0000000086e00000|  0%| F|  |TAMS 0x0000000086d00000, 0x0000000086d00000| Untracked 
|  92|0x0000000086e00000, 0x0000000086e00000, 0x0000000086f00000|  0%| F|  |TAMS 0x0000000086e00000, 0x0000000086e00000| Untracked 
|  93|0x0000000086f00000, 0x0000000086f00000, 0x0000000087000000|  0%| F|  |TAMS 0x0000000086f00000, 0x0000000086f00000| Untracked 
|  94|0x0000000087000000, 0x0000000087000000, 0x0000000087100000|  0%| F|  |TAMS 0x0000000087000000, 0x0000000087000000| Untracked 
|  95|0x0000000087100000, 0x0000000087100000, 0x0000000087200000|  0%| F|  |TAMS 0x0000000087100000, 0x0000000087100000| Untracked 
|  96|0x0000000087200000, 0x0000000087200000, 0x0000000087300000|  0%| F|  |TAMS 0x0000000087200000, 0x0000000087200000| Untracked 
|  97|0x0000000087300000, 0x0000000087300000, 0x0000000087400000|  0%| F|  |TAMS 0x0000000087300000, 0x0000000087300000| Untracked 
|  98|0x0000000087400000, 0x0000000087400000, 0x0000000087500000|  0%| F|  |TAMS 0x0000000087400000, 0x0000000087400000| Untracked 
|  99|0x0000000087500000, 0x0000000087500000, 0x0000000087600000|  0%| F|  |TAMS 0x0000000087500000, 0x0000000087500000| Untracked 
| 100|0x0000000087600000, 0x0000000087600000, 0x0000000087700000|  0%| F|  |TAMS 0x0000000087600000, 0x0000000087600000| Untracked 
| 101|0x0000000087700000, 0x0000000087700000, 0x0000000087800000|  0%| F|  |TAMS 0x0000000087700000, 0x0000000087700000| Untracked 
| 102|0x0000000087800000, 0x0000000087800000, 0x0000000087900000|  0%| F|  |TAMS 0x0000000087800000, 0x0000000087800000| Untracked 
| 103|0x0000000087900000, 0x0000000087900000, 0x0000000087a00000|  0%| F|  |TAMS 0x0000000087900000, 0x0000000087900000| Untracked 
| 104|0x0000000087a00000, 0x0000000087a00000, 0x0000000087b00000|  0%| F|  |TAMS 0x0000000087a00000, 0x0000000087a00000| Untracked 
| 105|0x0000000087b00000, 0x0000000087b00000, 0x0000000087c00000|  0%| F|  |TAMS 0x0000000087b00000, 0x0000000087b00000| Untracked 
| 106|0x0000000087c00000, 0x0000000087c00000, 0x0000000087d00000|  0%| F|  |TAMS 0x0000000087c00000, 0x0000000087c00000| Untracked 
| 107|0x0000000087d00000, 0x0000000087d00000, 0x0000000087e00000|  0%| F|  |TAMS 0x0000000087d00000, 0x0000000087d00000| Untracked 
| 108|0x0000000087e00000, 0x0000000087e00000, 0x0000000087f00000|  0%| F|  |TAMS 0x0000000087e00000, 0x0000000087e00000| Untracked 
| 109|0x0000000087f00000, 0x0000000087f00000, 0x0000000088000000|  0%| F|  |TAMS 0x0000000087f00000, 0x0000000087f00000| Untracked 
| 110|0x0000000088000000, 0x0000000088000000, 0x0000000088100000|  0%| F|  |TAMS 0x0000000088000000, 0x0000000088000000| Untracked 
| 111|0x0000000088100000, 0x0000000088100000, 0x0000000088200000|  0%| F|  |TAMS 0x0000000088100000, 0x0000000088100000| Untracked 
| 112|0x0000000088200000, 0x0000000088200000, 0x0000000088300000|  0%| F|  |TAMS 0x0000000088200000, 0x0000000088200000| Untracked 
| 113|0x0000000088300000, 0x0000000088300000, 0x0000000088400000|  0%| F|  |TAMS 0x0000000088300000, 0x0000000088300000| Untracked 
| 114|0x0000000088400000, 0x0000000088400000, 0x0000000088500000|  0%| F|  |TAMS 0x0000000088400000, 0x0000000088400000| Untracked 
| 115|0x0000000088500000, 0x0000000088500000, 0x0000000088600000|  0%| F|  |TAMS 0x0000000088500000, 0x0000000088500000| Untracked 
| 116|0x0000000088600000, 0x0000000088600000, 0x0000000088700000|  0%| F|  |TAMS 0x0000000088600000, 0x0000000088600000| Untracked 
| 117|0x0000000088700000, 0x0000000088700000, 0x0000000088800000|  0%| F|  |TAMS 0x0000000088700000, 0x0000000088700000| Untracked 
| 118|0x0000000088800000, 0x0000000088800000, 0x0000000088900000|  0%| F|  |TAMS 0x0000000088800000, 0x0000000088800000| Untracked 
| 119|0x0000000088900000, 0x0000000088900000, 0x0000000088a00000|  0%| F|  |TAMS 0x0000000088900000, 0x0000000088900000| Untracked 
| 120|0x0000000088a00000, 0x0000000088a00000, 0x0000000088b00000|  0%| F|  |TAMS 0x0000000088a00000, 0x0000000088a00000| Untracked 
| 121|0x0000000088b00000, 0x0000000088b00000, 0x0000000088c00000|  0%| F|  |TAMS 0x0000000088b00000, 0x0000000088b00000| Untracked 
| 122|0x0000000088c00000, 0x0000000088c00000, 0x0000000088d00000|  0%| F|  |TAMS 0x0000000088c00000, 0x0000000088c00000| Untracked 
| 123|0x0000000088d00000, 0x0000000088d00000, 0x0000000088e00000|  0%| F|  |TAMS 0x0000000088d00000, 0x0000000088d00000| Untracked 
| 124|0x0000000088e00000, 0x0000000088e00000, 0x0000000088f00000|  0%| F|  |TAMS 0x0000000088e00000, 0x0000000088e00000| Untracked 
| 125|0x0000000088f00000, 0x0000000088f00000, 0x0000000089000000|  0%| F|  |TAMS 0x0000000088f00000, 0x0000000088f00000| Untracked 
| 126|0x0000000089000000, 0x0000000089000000, 0x0000000089100000|  0%| F|  |TAMS 0x0000000089000000, 0x0000000089000000| Untracked 
| 127|0x0000000089100000, 0x0000000089100000, 0x0000000089200000|  0%| F|  |TAMS 0x0000000089100000, 0x0000000089100000| Untracked 

Card table byte_map: [0x000002397a930000,0x000002397ad30000] _byte_map_base: 0x000002397a527000

Marking Bits (Prev, Next): (CMBitMap*) 0x000002397a49b1a0, (CMBitMap*) 0x000002397a49b168
 Prev Bits: [0x000002397d0f0000, 0x000002397f0a8000)
 Next Bits: [0x000002397b130000, 0x000002397d0e8000)

Polling page: 0x0000023979c30000

Metaspace:

Usage:
  Non-class:     23.56 MB capacity,    23.36 MB (>99%) used,   164.74 KB ( <1%) free+waste,    39.50 KB ( <1%) overhead. 
      Class:      3.04 MB capacity,     2.92 MB ( 96%) used,   105.20 KB (  3%) free+waste,    16.94 KB ( <1%) overhead. 
       Both:     26.60 MB capacity,    26.28 MB ( 99%) used,   269.94 KB ( <1%) free+waste,    56.44 KB ( <1%) overhead. 

Virtual space:
  Non-class space:       24.00 MB reserved,      23.75 MB ( 99%) committed 
      Class space:        1.00 GB reserved,       3.13 MB ( <1%) committed 
             Both:        1.02 GB reserved,      26.88 MB (  3%) committed 

Chunk freelists:
   Non-Class:  768 bytes
       Class:  2.63 KB
        Both:  3.38 KB

CodeHeap 'non-profiled nmethods': size=120064Kb used=895Kb max_used=895Kb free=119168Kb
 bounds [0x000002390fd10000, 0x000002390ff80000, 0x0000023917250000]
CodeHeap 'profiled nmethods': size=120000Kb used=4481Kb max_used=4481Kb free=115518Kb
 bounds [0x00000239087e0000, 0x0000023908c50000, 0x000002390fd10000]
CodeHeap 'non-nmethods': size=5696Kb used=1131Kb max_used=1170Kb free=4564Kb
 bounds [0x0000023908250000, 0x00000239084c0000, 0x00000239087e0000]
 total_blobs=3123 nmethods=2200 adapters=363
 compilation: enabled
              stopped_count=0, restarted_count=0
 full_count=0

Compilation events (10 events):
Event: 3.883 Thread 0x000002397f5cd000 nmethod 2203 0x000002390fdee710 code [0x000002390fdee900, 0x000002390fdef0b8]
Event: 3.883 Thread 0x000002397f5cd000 2204       4       java.util.LinkedHashMap::get (33 bytes)
Event: 3.888 Thread 0x000002397f5cd000 nmethod 2204 0x000002390fdef610 code [0x000002390fdef7c0, 0x000002390fdefa68]
Event: 3.896 Thread 0x000002397f5d0000 2205       3       java.lang.invoke.LambdaForm::editor (5 bytes)
Event: 3.896 Thread 0x000002397f5d0000 nmethod 2205 0x0000023908c3f590 code [0x0000023908c3f760, 0x0000023908c3fad0]
Event: 3.896 Thread 0x000002397f5d0000 2206       3       java.lang.invoke.LambdaFormEditor::lambdaFormEditor (12 bytes)
Event: 3.896 Thread 0x000002397f5d0000 nmethod 2206 0x0000023908c3fc10 code [0x0000023908c3fde0, 0x0000023908c400d0]
Event: 3.896 Thread 0x000002397f5d0000 2207       3       java.lang.invoke.ClassSpecializer$SpeciesData::fieldCount (10 bytes)
Event: 3.897 Thread 0x000002397f5d0000 nmethod 2207 0x0000023908c40210 code [0x0000023908c403e0, 0x0000023908c40610]
Event: 3.897 Thread 0x000002397f5d0000 2208       3       sun.nio.fs.WindowsFileAttributes::lastModifiedTime (8 bytes)

GC Heap History (9 events):
Event: 0.582 GC heap before
{Heap before GC invocations=0 (full 0):
 garbage-first heap   total 131072K, used 13312K [0x0000000081200000, 0x0000000100000000)
  region size 1024K, 14 young (14336K), 0 survivors (0K)
 Metaspace       used 11022K, capacity 11232K, committed 11520K, reserved 1058816K
  class space    used 1118K, capacity 1193K, committed 1280K, reserved 1048576K
}
Event: 0.587 GC heap after
{Heap after GC invocations=1 (full 0):
 garbage-first heap   total 131072K, used 4383K [0x0000000081200000, 0x0000000100000000)
  region size 1024K, 2 young (2048K), 2 survivors (2048K)
 Metaspace       used 11022K, capacity 11232K, committed 11520K, reserved 1058816K
  class space    used 1118K, capacity 1193K, committed 1280K, reserved 1048576K
}
Event: 0.878 GC heap before
{Heap before GC invocations=1 (full 0):
 garbage-first heap   total 131072K, used 10527K [0x0000000081200000, 0x0000000100000000)
  region size 1024K, 8 young (8192K), 2 survivors (2048K)
 Metaspace       used 13591K, capacity 13784K, committed 14080K, reserved 1062912K
  class space    used 1398K, capacity 1491K, committed 1536K, reserved 1048576K
}
Event: 0.882 GC heap after
{Heap after GC invocations=2 (full 0):
 garbage-first heap   total 131072K, used 5150K [0x0000000081200000, 0x0000000100000000)
  region size 1024K, 1 young (1024K), 1 survivors (1024K)
 Metaspace       used 13591K, capacity 13784K, committed 14080K, reserved 1062912K
  class space    used 1398K, capacity 1491K, committed 1536K, reserved 1048576K
}
Event: 2.927 GC heap before
{Heap before GC invocations=2 (full 0):
 garbage-first heap   total 131072K, used 28702K [0x0000000081200000, 0x0000000100000000)
  region size 1024K, 24 young (24576K), 1 survivors (1024K)
 Metaspace       used 20452K, capacity 20806K, committed 20864K, reserved 1067008K
  class space    used 2244K, capacity 2405K, committed 2432K, reserved 1048576K
}
Event: 2.962 GC heap after
{Heap after GC invocations=3 (full 0):
 garbage-first heap   total 131072K, used 7265K [0x0000000081200000, 0x0000000100000000)
  region size 1024K, 3 young (3072K), 3 survivors (3072K)
 Metaspace       used 20452K, capacity 20806K, committed 20864K, reserved 1067008K
  class space    used 2244K, capacity 2405K, committed 2432K, reserved 1048576K
}
Event: 3.035 GC heap before
{Heap before GC invocations=3 (full 0):
 garbage-first heap   total 131072K, used 9313K [0x0000000081200000, 0x0000000100000000)
  region size 1024K, 6 young (6144K), 3 survivors (3072K)
 Metaspace       used 20824K, capacity 21126K, committed 21248K, reserved 1069056K
  class space    used 2311K, capacity 2469K, committed 2560K, reserved 1048576K
}
Event: 3.041 GC heap after
{Heap after GC invocations=4 (full 0):
 garbage-first heap   total 131072K, used 7513K [0x0000000081200000, 0x0000000100000000)
  region size 1024K, 3 young (3072K), 3 survivors (3072K)
 Metaspace       used 20824K, capacity 21126K, committed 21248K, reserved 1069056K
  class space    used 2311K, capacity 2469K, committed 2560K, reserved 1048576K
}
Event: 3.897 GC heap before
{Heap before GC invocations=5 (full 0):
 garbage-first heap   total 131072K, used 46425K [0x0000000081200000, 0x0000000100000000)
  region size 1024K, 41 young (41984K), 3 survivors (3072K)
 Metaspace       used 26910K, capacity 27237K, committed 27520K, reserved 1073152K
  class space    used 2992K, capacity 3115K, committed 3200K, reserved 1048576K
}

Deoptimization events (10 events):
Event: 3.418 Thread 0x000002397a45e800 Uncommon trap: reason=bimorphic_or_optimized_type_check action=maybe_recompile pc=0x000002390fd7bd20 method=java.util.HashMap.putVal(ILjava/lang/Object;Ljava/lang/Object;ZZ)Ljava/lang/Object; @ 203 c2
Event: 3.482 Thread 0x000002397a45e800 Uncommon trap: reason=class_check action=maybe_recompile pc=0x000002390fda9b7c method=java.lang.reflect.Executable.getAnnotation(Ljava/lang/Class;)Ljava/lang/annotation/Annotation; @ 19 c2
Event: 3.532 Thread 0x000002397a45e800 Uncommon trap: reason=unstable_if action=reinterpret pc=0x000002390fda8b0c method=com.google.inject.spi.InjectionPoint.isEligibleForInjection(Ljava/lang/reflect/Method;Z)Z @ 22 c2
Event: 3.636 Thread 0x000002397a45e800 Uncommon trap: reason=class_check action=maybe_recompile pc=0x000002390fda9b7c method=java.lang.reflect.Executable.getAnnotation(Ljava/lang/Class;)Ljava/lang/annotation/Annotation; @ 19 c2
Event: 3.665 Thread 0x000002397a45e800 Uncommon trap: reason=class_check action=maybe_recompile pc=0x000002390fda9b7c method=java.lang.reflect.Executable.getAnnotation(Ljava/lang/Class;)Ljava/lang/annotation/Annotation; @ 19 c2
Event: 3.665 Thread 0x000002397a45e800 Uncommon trap: reason=class_check action=maybe_recompile pc=0x000002390fda9b7c method=java.lang.reflect.Executable.getAnnotation(Ljava/lang/Class;)Ljava/lang/annotation/Annotation; @ 19 c2
Event: 3.666 Thread 0x000002397a45e800 Uncommon trap: reason=speculate_class_check action=maybe_recompile pc=0x000002390fdbeb5c method=java.lang.reflect.Executable.declaredAnnotations()Ljava/util/Map; @ 23 c2
Event: 3.666 Thread 0x000002397a45e800 Uncommon trap: reason=speculate_class_check action=maybe_recompile pc=0x000002390fdbeb5c method=java.lang.reflect.Executable.declaredAnnotations()Ljava/util/Map; @ 23 c2
Event: 3.666 Thread 0x000002397a45e800 Uncommon trap: reason=speculate_class_check action=maybe_recompile pc=0x000002390fdbeb5c method=java.lang.reflect.Executable.declaredAnnotations()Ljava/util/Map; @ 23 c2
Event: 3.666 Thread 0x000002397a45e800 Uncommon trap: reason=speculate_class_check action=maybe_recompile pc=0x000002390fdbeb5c method=java.lang.reflect.Executable.declaredAnnotations()Ljava/util/Map; @ 23 c2

Classes redefined (0 events):
No events

Internal exceptions (10 events):
Event: 0.668 Thread 0x000002397a45e800 Exception <a 'java/lang/NoSuchMethodError'{0x0000000088e4e188}: java.lang.invoke.DirectMethodHandle$Holder.invokeSpecialIFC(Ljava/lang/Object;Ljava/lang/Object;I)I> (0x0000000088e4e188) thrown at [t:/workspace/open/src/hotspot/share/interpreter/linkResolv
Event: 0.818 Thread 0x000002397a45e800 Exception <a 'java/lang/NoSuchMethodError'{0x0000000088c3a9c8}: java.lang.invoke.DirectMethodHandle$Holder.invokeStaticInit(Ljava/lang/Object;Ljava/lang/Object;Ljava/lang/Object;)Ljava/lang/Object;> (0x0000000088c3a9c8) thrown at [t:/workspace/open/src/ho
Event: 1.103 Thread 0x000002397a45e800 Exception <a 'java/lang/NoSuchMethodError'{0x00000000890df2d0}: java.lang.invoke.DirectMethodHandle$Holder.invokeStaticInit(Ljava/lang/Object;Ljava/lang/Object;Ljava/lang/Object;Ljava/lang/Object;)I> (0x00000000890df2d0) thrown at [t:/workspace/open/src/h
Event: 1.105 Thread 0x000002397a45e800 Exception <a 'java/lang/IncompatibleClassChangeError'{0x00000000890e8478}: Found class java.lang.Object, but interface was expected> (0x00000000890e8478) thrown at [t:/workspace/open/src/hotspot/share/interpreter/linkResolver.cpp, line 838]
Event: 1.106 Thread 0x000002397a45e800 Exception <a 'java/lang/NoSuchMethodError'{0x00000000890eb7f0}: java.lang.invoke.DirectMethodHandle$Holder.invokeStaticInit(Ljava/lang/Object;Ljava/lang/Object;)V> (0x00000000890eb7f0) thrown at [t:/workspace/open/src/hotspot/share/interpreter/linkResolve
Event: 1.112 Thread 0x000002397a45e800 Exception <a 'java/lang/NoSuchMethodError'{0x00000000890f1240}: java.lang.invoke.DirectMethodHandle$Holder.invokeStaticInit(Ljava/lang/Object;Ljava/lang/Object;)I> (0x00000000890f1240) thrown at [t:/workspace/open/src/hotspot/share/interpreter/linkResolve
Event: 1.153 Thread 0x000002397a45e800 Exception <a 'java/lang/NoSuchMethodError'{0x0000000088f20050}: java.lang.invoke.DirectMethodHandle$Holder.invokeStaticInit(Ljava/lang/Object;IIII)Ljava/lang/Object;> (0x0000000088f20050) thrown at [t:/workspace/open/src/hotspot/share/interpreter/linkReso
Event: 1.155 Thread 0x000002397a45e800 Exception <a 'sun/nio/fs/WindowsException'{0x0000000088f26300}> (0x0000000088f26300) thrown at [t:/workspace/open/src/hotspot/share/prims/jni.cpp, line 615]
Event: 1.859 Thread 0x000002397a45e800 Exception <a 'java/lang/NoSuchMethodError'{0x0000000088efc8b8}: java.lang.invoke.DirectMethodHandle$Holder.invokeStaticInit(Ljava/lang/Object;Ljava/lang/Object;IIII)Ljava/lang/Object;> (0x0000000088efc8b8) thrown at [t:/workspace/open/src/hotspot/share/in
Event: 2.269 Thread 0x000002397a45e800 Exception <a 'java/lang/NoSuchMethodError'{0x0000000088681018}: java.lang.invoke.DirectMethodHandle$Holder.invokeStaticInit(Ljava/lang/Object;Ljava/lang/Object;Ljava/lang/Object;)V> (0x0000000088681018) thrown at [t:/workspace/open/src/hotspot/share/inter

Events (10 events):
Event: 3.893 loading class com/fasterxml/jackson/core/FormatFeature done
Event: 3.894 loading class com/fasterxml/jackson/dataformat/xml/ser/ToXmlGenerator$Feature
Event: 3.894 loading class com/fasterxml/jackson/dataformat/xml/ser/ToXmlGenerator$Feature done
Event: 3.894 loading class javax/xml/stream/XMLInputFactory
Event: 3.894 loading class javax/xml/stream/XMLInputFactory done
Event: 3.894 loading class javax/xml/stream/FactoryFinder
Event: 3.895 loading class javax/xml/stream/FactoryFinder done
Event: 3.896 loading class javax/xml/stream/FactoryFinder$1
Event: 3.896 loading class javax/xml/stream/FactoryFinder$1 done
Event: 3.897 Executing VM operation: G1CollectForAllocation


Dynamic libraries:
0x00007ff6addd0000 - 0x00007ff6ade17000 	C:\Program Files\Java\jdk-11.0.2\bin\java.exe
0x00007ffe3b9e0000 - 0x00007ffe3bbc1000 	C:\WINDOWS\SYSTEM32\ntdll.dll
0x00007ffe38e70000 - 0x00007ffe38f22000 	C:\WINDOWS\System32\KERNEL32.DLL
0x00007ffe38b50000 - 0x00007ffe38dc3000 	C:\WINDOWS\System32\KERNELBASE.dll
0x00007ffe3b250000 - 0x00007ffe3b2f1000 	C:\WINDOWS\System32\ADVAPI32.dll
0x00007ffe39c10000 - 0x00007ffe39cae000 	C:\WINDOWS\System32\msvcrt.dll
0x00007ffe39680000 - 0x00007ffe396db000 	C:\WINDOWS\System32\sechost.dll
0x00007ffe39cb0000 - 0x00007ffe39dd4000 	C:\WINDOWS\System32\RPCRT4.dll
0x00007ffe39790000 - 0x00007ffe39920000 	C:\WINDOWS\System32\USER32.dll
0x00007ffe38b30000 - 0x00007ffe38b50000 	C:\WINDOWS\System32\win32u.dll
0x00007ffe3b220000 - 0x00007ffe3b248000 	C:\WINDOWS\System32\GDI32.dll
0x00007ffe387e0000 - 0x00007ffe38972000 	C:\WINDOWS\System32\gdi32full.dll
0x00007ffe38dd0000 - 0x00007ffe38e6f000 	C:\WINDOWS\System32\msvcp_win.dll
0x00007ffe38980000 - 0x00007ffe38a7a000 	C:\WINDOWS\System32\ucrtbase.dll
0x00007ffe22d00000 - 0x00007ffe22f69000 	C:\WINDOWS\WinSxS\amd64_microsoft.windows.common-controls_6595b64144ccf1df_6.0.17134.471_none_fb3e9aab3068fc16\COMCTL32.dll
0x00007ffe3b320000 - 0x00007ffe3b642000 	C:\WINDOWS\System32\combase.dll
0x00007ffe22090000 - 0x00007ffe2209a000 	C:\WINDOWS\SYSTEM32\VERSION.dll
0x00007ffe386b0000 - 0x00007ffe3872a000 	C:\WINDOWS\System32\bcryptPrimitives.dll
0x00007ffe3b650000 - 0x00007ffe3b67d000 	C:\WINDOWS\System32\IMM32.DLL
0x00007ffe2cf40000 - 0x00007ffe2cf56000 	C:\Program Files\Java\jdk-11.0.2\bin\vcruntime140.dll
0x00007ffe1a310000 - 0x00007ffe1a3ba000 	C:\Program Files\Java\jdk-11.0.2\bin\msvcp140.dll
0x00007ffe0a6d0000 - 0x00007ffe0b1f7000 	C:\Program Files\Java\jdk-11.0.2\bin\server\jvm.dll
0x00007ffe39b80000 - 0x00007ffe39b88000 	C:\WINDOWS\System32\PSAPI.DLL
0x00007ffe35c40000 - 0x00007ffe35c49000 	C:\WINDOWS\SYSTEM32\WSOCK32.dll
0x00007ffe33c10000 - 0x00007ffe33c33000 	C:\WINDOWS\SYSTEM32\WINMM.dll
0x00007ffe39b90000 - 0x00007ffe39bfc000 	C:\WINDOWS\System32\WS2_32.dll
0x00007ffe33be0000 - 0x00007ffe33c0a000 	C:\WINDOWS\SYSTEM32\winmmbase.dll
0x00007ffe38ae0000 - 0x00007ffe38b29000 	C:\WINDOWS\System32\cfgmgr32.dll
0x00007ffe37d90000 - 0x00007ffe37da1000 	C:\WINDOWS\System32\kernel.appcore.dll
0x00007ffe2cf20000 - 0x00007ffe2cf31000 	C:\Program Files\Java\jdk-11.0.2\bin\verify.dll
0x00007ffe35c60000 - 0x00007ffe35e29000 	C:\WINDOWS\SYSTEM32\DBGHELP.DLL
0x00007ffe35c10000 - 0x00007ffe35c39000 	C:\WINDOWS\SYSTEM32\dbgcore.DLL
0x00007ffe2cef0000 - 0x00007ffe2cf19000 	C:\Program Files\Java\jdk-11.0.2\bin\java.dll
0x00007ffe2c110000 - 0x00007ffe2c126000 	C:\Program Files\Java\jdk-11.0.2\bin\zip.dll
0x00007ffe2dda0000 - 0x00007ffe2ddaa000 	C:\Program Files\Java\jdk-11.0.2\bin\jimage.dll
0x00007ffe39de0000 - 0x00007ffe3b220000 	C:\WINDOWS\System32\SHELL32.dll
0x00007ffe396e0000 - 0x00007ffe39789000 	C:\WINDOWS\System32\shcore.dll
0x00007ffe37fa0000 - 0x00007ffe386ad000 	C:\WINDOWS\System32\windows.storage.dll
0x00007ffe3b870000 - 0x00007ffe3b8c1000 	C:\WINDOWS\System32\shlwapi.dll
0x00007ffe37d70000 - 0x00007ffe37d8f000 	C:\WINDOWS\System32\profapi.dll
0x00007ffe37d00000 - 0x00007ffe37d4c000 	C:\WINDOWS\System32\powrprof.dll
0x00007ffe37cf0000 - 0x00007ffe37cfa000 	C:\WINDOWS\System32\FLTLIB.DLL
0x00007ffe2c050000 - 0x00007ffe2c069000 	C:\Program Files\Java\jdk-11.0.2\bin\net.dll
0x00007ffe26fb0000 - 0x00007ffe27178000 	C:\WINDOWS\SYSTEM32\urlmon.dll
0x00007ffe2ec70000 - 0x00007ffe2ed4d000 	C:\WINDOWS\SYSTEM32\WINHTTP.dll
0x00007ffe27550000 - 0x00007ffe277f5000 	C:\WINDOWS\SYSTEM32\iertutil.dll
0x00007ffe37740000 - 0x00007ffe3774b000 	C:\WINDOWS\SYSTEM32\CRYPTBASE.DLL
0x00007ffe37570000 - 0x00007ffe375d6000 	C:\WINDOWS\system32\mswsock.dll
0x00007ffe2a410000 - 0x00007ffe2a423000 	C:\Program Files\Java\jdk-11.0.2\bin\nio.dll
0x00007ffdf9940000 - 0x00007ffdf9956000 	C:\WINDOWS\system32\napinsp.dll
0x00007ffdf9920000 - 0x00007ffdf993a000 	C:\WINDOWS\system32\pnrpnsp.dll
0x00007ffe330b0000 - 0x00007ffe330c9000 	C:\WINDOWS\system32\NLAapi.dll
0x00007ffe37340000 - 0x00007ffe373fe000 	C:\WINDOWS\SYSTEM32\DNSAPI.dll
0x00007ffe39c00000 - 0x00007ffe39c08000 	C:\WINDOWS\System32\NSI.dll
0x00007ffe372f0000 - 0x00007ffe37328000 	C:\WINDOWS\SYSTEM32\IPHLPAPI.DLL
0x00007ffdfc590000 - 0x00007ffdfc59e000 	C:\WINDOWS\System32\winrnr.dll
0x00007ffe2c380000 - 0x00007ffe2c395000 	C:\WINDOWS\System32\wshbth.dll
0x00007ffe29900000 - 0x00007ffe2990a000 	C:\Windows\System32\rasadhlp.dll
0x00007ffe295e0000 - 0x00007ffe29652000 	C:\WINDOWS\System32\fwpuclnt.dll
0x00007ffe37850000 - 0x00007ffe37875000 	C:\WINDOWS\SYSTEM32\bcrypt.dll
0x00007ffe365f0000 - 0x00007ffe365f9000 	C:\Program Files\Java\jdk-11.0.2\bin\management.dll
0x00007ffe36410000 - 0x00007ffe3641c000 	C:\Program Files\Java\jdk-11.0.2\bin\management_ext.dll
0x00007ffe2d920000 - 0x00007ffe2d947000 	C:\Program Files\Java\jdk-11.0.2\bin\sunec.dll
0x00007ffe37720000 - 0x00007ffe37737000 	C:\WINDOWS\SYSTEM32\CRYPTSP.dll
0x00007ffe370f0000 - 0x00007ffe37123000 	C:\WINDOWS\system32\rsaenh.dll
0x00007ffe37bf0000 - 0x00007ffe37c18000 	C:\WINDOWS\SYSTEM32\USERENV.dll
0x00007ffe35090000 - 0x00007ffe350a6000 	C:\WINDOWS\SYSTEM32\dhcpcsvc6.DLL
0x00007ffe35070000 - 0x00007ffe3508a000 	C:\WINDOWS\SYSTEM32\dhcpcsvc.DLL

dbghelp: loaded successfully - version: 4.0.5 - missing functions: none
symbol engine: initialized successfully - sym options: 0x614 - pdb path: .;C:\Program Files\Java\jdk-11.0.2\bin;C:\WINDOWS\SYSTEM32;C:\WINDOWS\WinSxS\amd64_microsoft.windows.common-controls_6595b64144ccf1df_6.0.17134.471_none_fb3e9aab3068fc16;C:\Program Files\Java\jdk-11.0.2\bin\server

VM Arguments:
jvm_args: -Dninja.mode=dev 
java_command: ninja.standalone.AutoStandalone
java_class_path (initial): C:\Users\Michaela\Desktop\CS361\sprint1-group-5\target\classes;C:\Users\Michaela\.m2\repository\org\webjars\bootstrap\3.3.4\bootstrap-3.3.4.jar;C:\Users\Michaela\.m2\repository\org\webjars\jquery\2.1.3\jquery-2.1.3.jar;C:\Users\Michaela\.m2\repository\com\h2database\h2\1.4.186\h2-1.4.186.jar;C:\Users\Michaela\.m2\repository\org\ninjaframework\ninja-standalone\6.3.0\ninja-standalone-6.3.0.jar;C:\Users\Michaela\.m2\repository\org\ninjaframework\ninja-servlet\6.3.0\ninja-servlet-6.3.0.jar;C:\Users\Michaela\.m2\repository\org\ninjaframework\ninja-websockets-jsr356\6.3.0\ninja-websockets-jsr356-6.3.0.jar;C:\Users\Michaela\.m2\repository\com\google\inject\extensions\guice-servlet\4.1.0\guice-servlet-4.1.0.jar;C:\Users\Michaela\.m2\repository\org\eclipse\jetty\jetty-server\9.3.15.v20161220\jetty-server-9.3.15.v20161220.jar;C:\Users\Michaela\.m2\repository\org\eclipse\jetty\jetty-http\9.3.15.v20161220\jetty-http-9.3.15.v20161220.jar;C:\Users\Michaela\.m2\repository\org\eclipse\jetty\jetty-io\9.3.15.v20161220\jetty-io-9.3.15.v20161220.jar;C:\Users\Michaela\.m2\repository\org\eclipse\jetty\jetty-servlet\9.3.15.v20161220\jetty-servlet-9.3.15.v20161220.jar;C:\Users\Michaela\.m2\repository\org\eclipse\jetty\jetty-security\9.3.15.v20161220\jetty-security-9.3.15.v20161220.jar;C:\Users\Michaela\.m2\repository\org\eclipse\jetty\jetty-xml\9.3.15.v20161220\jetty-xml-9.3.15.v20161220.jar;C:\Users\Michaela\.m2\repository\org\eclipse\jetty\jetty-util\9.3.15.v20161220\jetty-util-9.3.15.v20161220.jar;C:\Users\Michaela\.m2\repository\org\eclipse\jetty\websocket\javax-websocket-server-impl\9.3.15.v20161220\javax-websocket-server-impl-9.3.15.v20161220.jar;C:\Users\Michaela\.m2\repository\org\eclipse\jetty\jetty-annotations\9.3.15.v20161220\jetty-annotations-9.3.15.v20161220.jar;C:\Users\Michaela\.m2\repository\org\eclipse\jetty\jetty-plus\9.3.15.v20161220\jetty-plus-9.3.15.v20161220.jar;C:\Users\Michaela\.m2\repository\org\eclipse\jetty\jetty-jndi\9.3.15.v20161220
Launcher Type: SUN_STANDARD

[Global flags]
     intx CICompilerCount                          = 3                                         {product} {ergonomic}
     uint ConcGCThreads                            = 1                                         {product} {ergonomic}
     uint G1ConcRefinementThreads                  = 4                                         {product} {ergonomic}
   size_t G1HeapRegionSize                         = 1048576                                   {product} {ergonomic}
    uintx GCDrainStackTargetSize                   = 64                                        {product} {ergonomic}
   size_t InitialHeapSize                          = 134217728                                 {product} {ergonomic}
   size_t MarkStackSize                            = 4194304                                   {product} {ergonomic}
   size_t MaxHeapSize                              = 2128609280                                {product} {ergonomic}
   size_t MaxNewSize                               = 1277165568                                {product} {ergonomic}
   size_t MinHeapDeltaBytes                        = 1048576                                   {product} {ergonomic}
    uintx NonNMethodCodeHeapSize                   = 5830092                                {pd product} {ergonomic}
    uintx NonProfiledCodeHeapSize                  = 122914074                              {pd product} {ergonomic}
    uintx ProfiledCodeHeapSize                     = 122914074                              {pd product} {ergonomic}
    uintx ReservedCodeCacheSize                    = 251658240                              {pd product} {ergonomic}
     bool SegmentedCodeCache                       = true                                      {product} {ergonomic}
     bool UseCompressedClassPointers               = true                                 {lp64_product} {ergonomic}
     bool UseCompressedOops                        = true                                 {lp64_product} {ergonomic}
     bool UseG1GC                                  = true                                      {product} {ergonomic}
     bool UseLargePagesIndividualAllocation        = false                                  {pd product} {ergonomic}

Logging:
Log output configuration:
 #0: stdout all=warning uptime,level,tags
 #1: stderr all=off uptime,level,tags

Environment Variables:
PATH=C:\Program Files\Microsoft MPI\Bin\;C:\WINDOWS\system32;C:\WINDOWS;C:\WINDOWS\System32\Wbem;C:\WINDOWS\System32\WindowsPowerShell\v1.0\;C:\Program Files\Microsoft SQL Server\130\Tools\Binn\;C:\Program Files\MATLAB\R2017b\runtime\win64;C:\Program Files\MATLAB\R2017b\bin;C:\Program Files\Git\cmd;C:\Program Files\dotnet\;C:\Program Files\MiKTeX 2.9\miktex\bin\x64\;C:\WINDOWS\System32\OpenSSH\;C:\Program Files (x86)\Gpg4win\..\GnuPG\bin;C:\Program Files\nodejs\;C:\Users\Michaela\AppData\Local\Microsoft\WindowsApps;C:\Users\Michaela\AppData\Local\atom\bin;C:\Modeltech_pe_edu_10.4a\win32pe_edu;C:\Users\Michaela\AppData\Local\Microsoft\WindowsApps;C:\Users\Michaela\AppData\Roaming\npm
USERNAME=Michaela
OS=Windows_NT
PROCESSOR_IDENTIFIER=Intel64 Family 6 Model 78 Stepping 3, GenuineIntel



---------------  S Y S T E M  ---------------

OS: Windows 10 , 64 bit Build 17134 (10.0.17134.1)

CPU:total 4 (initial active 4) (2 cores per cpu, 2 threads per core) family 6 model 78 stepping 3, cmov, cx8, fxsr, mmx, sse, sse2, sse3, ssse3, sse4.1, sse4.2, popcnt, avx, avx2, aes, clmul, erms, rtm, 3dnowpref, lzcnt, ht, tsc, tscinvbit, bmi1, bmi2, adx, fma

Memory: 4k page, system-wide physical 8117M (1175M free)
TotalPageFile size 8117M (AvailPageFile size 8M)
current process WorkingSet (physical memory assigned to process): 135M, peak: 135M
current process commit charge ("private bytes"): 247M, peak: 273M

vm_info: Java HotSpot(TM) 64-Bit Server VM (11.0.2+9-LTS) for windows-amd64 JRE (11.0.2+9-LTS), built on Jan 18 2019 05:24:10 by "mach5one" with MS VC++ 15.5 (VS2017)

END.
